<?xml version="1.0" encoding="UTF-8"?>
<testng-results ignored="0" total="1" passed="1" failed="0" skipped="0">
  <reporter-output>
  </reporter-output>
  <suite started-at="2025-02-01T21:29:02 IST" name="Default suite" finished-at="2025-02-01T21:29:10 IST" duration-ms="8321">
    <groups>
    </groups>
    <test started-at="2025-02-01T21:29:02 IST" name="Default test" finished-at="2025-02-01T21:29:10 IST" duration-ms="8321">
      <class name="TestClass.TC1_User_Registration">
        <test-method is-config="true" signature="setup()[pri:0, instance:TestClass.TC1_User_Registration@f78a47e]" started-at="2025-02-01T21:29:02 IST" name="setup" finished-at="2025-02-01T21:29:09 IST" duration-ms="7012" status="PASS">
          <reporter-output>
          </reporter-output>
        </test-method> <!-- setup -->
        <test-method signature="Registration()[pri:0, instance:TestClass.TC1_User_Registration@f78a47e]" started-at="2025-02-01T21:29:09 IST" name="Registration" finished-at="2025-02-01T21:29:10 IST" duration-ms="1273" status="PASS">
          <reporter-output>
          </reporter-output>
        </test-method> <!-- Registration -->
        <test-method is-config="true" signature="close()[pri:0, instance:TestClass.TC1_User_Registration@f78a47e]" started-at="2025-02-01T21:29:10 IST" name="close" finished-at="2025-02-01T21:29:10 IST" duration-ms="1" status="PASS">
          <reporter-output>
          </reporter-output>
        </test-method> <!-- close -->
      </class> <!-- TestClass.TC1_User_Registration -->
    </test> <!-- Default test -->
  </suite> <!-- Default suite -->
</testng-results>
